[2026-03-26 01:05:58] [INFO] 正在初始化路口数据... 
[2026-03-26 01:05:58] [INFO] 路口数据加载成功，共8个路口 
[2026-03-26 01:05:58] [INFO] =========================================== 
[2026-03-26 01:05:58] [INFO] 🌐 本地访问：http://localhost:3000 
[2026-03-26 01:05:58] [INFO] 🚀 服务器启动成功！ 
[2026-03-26 01:05:58] [INFO] 📡 API 文档：http://localhost:3000/api 
[2026-03-26 01:05:58] [INFO] 💚 健康检查：http://localhost:3000/health 
[2026-03-26 01:05:58] [INFO] =========================================== 
[2026-03-26 01:05:58] [INFO] 📍 端口：3000 
[2026-03-26 01:05:58] [INFO] =========================================== 
[2026-03-26 01:05:58] [INFO] 当前环境：development 
[2026-03-26 01:05:58] [INFO] 日志级别：info 
[2026-03-26 01:06:16] [INFO] ::1 - - [25/Mar/2026:17:06:16 +0000] "GET /health HTTP/1.1" 200 74 "-" "curl/8.18.0" 
[2026-03-26 01:06:28] [INFO] ::1 - - [25/Mar/2026:17:06:28 +0000] "GET /api HTTP/1.1" 200 143 "-" "curl/8.18.0" 
[2026-03-26 01:06:33] [INFO] 推荐路口成功 {"userPos":{"latitude":39.9042,"longitude":116.4074},"recommendedCount":1,"address":"未知"}
[2026-03-26 01:06:33] [INFO] ::1 - - [25/Mar/2026:17:06:33 +0000] "GET /api/highway/recommend?latitude=39.9042&longitude=116.4074 HTTP/1.1" 200 482 "-" "curl/8.18.0" 
[2026-03-26 01:06:39] [INFO] 获取路口 POI 成功 {"exitId":"1","nodeName":"北京服务区","counts":{"total":3,"hotel":1,"restaurant":1,"attraction":1}}
[2026-03-26 01:06:39] [INFO] ::1 - - [25/Mar/2026:17:06:39 +0000] "GET /api/poi/exit/1 HTTP/1.1" 200 2480 "-" "curl/8.18.0" 
[2026-03-26 01:17:59] [INFO] ::1 - - [25/Mar/2026:17:17:59 +0000] "GET / HTTP/1.1" 404 45 "-" "Mozilla/5.0 (Windows NT 10.0; Win64; x64) AppleWebKit/537.36 (KHTML, like Gecko) Chrome/146.0.0.0 Safari/537.36 Edg/146.0.0.0" 
[2026-03-26 01:17:59] [INFO] ::1 - - [25/Mar/2026:17:17:59 +0000] "GET /favicon.ico HTTP/1.1" 404 45 "-" "Mozilla/5.0 (Windows NT 10.0; Win64; x64) AppleWebKit/537.36 (KHTML, like Gecko) Chrome/146.0.0.0 Safari/537.36 Edg/146.0.0.0" 
[2026-03-26 01:19:08] [INFO] ::1 - - [25/Mar/2026:17:19:08 +0000] "GET / HTTP/1.1" 404 45 "-" "Mozilla/5.0 (Windows NT 10.0; Win64; x64) AppleWebKit/537.36 (KHTML, like Gecko) Chrome/146.0.0.0 Safari/537.36 Edg/146.0.0.0" 
[2026-03-26 01:19:15] [INFO] ::1 - - [25/Mar/2026:17:19:15 +0000] "GET /api HTTP/1.1" 200 143 "-" "Mozilla/5.0 (Windows NT 10.0; Win64; x64) AppleWebKit/537.36 (KHTML, like Gecko) Chrome/146.0.0.0 Safari/537.36 Edg/146.0.0.0" 
[2026-03-26 01:20:13] [INFO] ::1 - - [25/Mar/2026:17:20:13 +0000] "GET /health HTTP/1.1" 200 74 "-" "Mozilla/5.0 (Windows NT 10.0; Win64; x64) AppleWebKit/537.36 (KHTML, like Gecko) Chrome/146.0.0.0 Safari/537.36 Edg/146.0.0.0" 
[2026-03-26 01:20:54] [INFO] 获取所有路口成功 {"count":8}
[2026-03-26 01:20:54] [INFO] ::1 - - [25/Mar/2026:17:20:54 +0000] "GET /api/highway/all HTTP/1.1" 200 2098 "-" "Mozilla/5.0 (Windows NT 10.0; Win64; x64) AppleWebKit/537.36 (KHTML, like Gecko) Chrome/146.0.0.0 Safari/537.36 Edg/146.0.0.0" 
[2026-03-26 01:20:59] [INFO] ::1 - - [25/Mar/2026:17:20:59 +0000] "GET /api HTTP/1.1" 304 - "-" "Mozilla/5.0 (Windows NT 10.0; Win64; x64) AppleWebKit/537.36 (KHTML, like Gecko) Chrome/146.0.0.0 Safari/537.36 Edg/146.0.0.0" 
[2026-03-26 09:07:48] [INFO] ::1 - - [26/Mar/2026:01:07:48 +0000] "GET /api/highway/all HTTP/1.1" 304 - "-" "Mozilla/5.0 (Windows NT 10.0; Win64; x64) AppleWebKit/537.36 (KHTML, like Gecko) Chrome/146.0.0.0 Safari/537.36 Edg/146.0.0.0" 
[2026-03-26 09:07:48] [INFO] 获取所有路口成功 {"count":8}
[2026-03-26 09:07:54] [INFO] ::1 - - [26/Mar/2026:01:07:54 +0000] "GET / HTTP/1.1" 404 45 "-" "Mozilla/5.0 (Windows NT 10.0; Win64; x64) AppleWebKit/537.36 (KHTML, like Gecko) Chrome/146.0.0.0 Safari/537.36 Edg/146.0.0.0" 
[2026-03-26 09:08:28] [INFO] ::1 - - [26/Mar/2026:01:08:28 +0000] "GET /health HTTP/1.1" 200 74 "-" "Mozilla/5.0 (Windows NT 10.0; Win64; x64) AppleWebKit/537.36 (KHTML, like Gecko) Chrome/146.0.0.0 Safari/537.36 Edg/146.0.0.0" 
[2026-03-26 09:08:49] [INFO] 获取所有路口成功 {"count":8}
[2026-03-26 09:08:49] [INFO] ::1 - - [26/Mar/2026:01:08:49 +0000] "GET /api/highway/all HTTP/1.1" 304 - "-" "Mozilla/5.0 (Windows NT 10.0; Win64; x64) AppleWebKit/537.36 (KHTML, like Gecko) Chrome/146.0.0.0 Safari/537.36 Edg/146.0.0.0" 
[2026-03-26 09:08:52] [INFO] ::1 - - [26/Mar/2026:01:08:52 +0000] "GET /api HTTP/1.1" 304 - "-" "Mozilla/5.0 (Windows NT 10.0; Win64; x64) AppleWebKit/537.36 (KHTML, like Gecko) Chrome/146.0.0.0 Safari/537.36 Edg/146.0.0.0" 
[2026-03-26 09:35:09] [INFO] ::1 - - [26/Mar/2026:01:35:09 +0000] "GET /health HTTP/1.1" 200 74 "-" "Mozilla/5.0 (Windows NT 10.0; Win64; x64) AppleWebKit/537.36 (KHTML, like Gecko) Chrome/146.0.0.0 Safari/537.36 Edg/146.0.0.0" 
[2026-03-26 09:59:41] [INFO] 推荐路口成功 {"userPos":{"latitude":39.9042,"longitude":116.4074},"recommendedCount":1,"address":"未知"}
[2026-03-26 09:59:41] [INFO] ::1 - - [26/Mar/2026:01:59:41 +0000] "GET /api/highway/recommend?latitude=39.9042&longitude=116.4074 HTTP/1.1" 200 482 "https://servicewechat.com/wx364d0885d2052f93/devtools/page-frame.html" "Mozilla/5.0 (iPhone; CPU iPhone OS 15_0 like Mac OS X) AppleWebKit/605.1.15 (KHTML, like Gecko) Version/15.0 Mobile/15E148 Safari/604.1 wechatdevtools/2.01.2510290 MicroMessenger/8.0.5 Language/zh_CN webview/ hash/766319690 sid/vSkD0pAr1A" 
[2026-03-26 10:01:37] [INFO] 推荐路口成功 {"userPos":{"latitude":39.9042,"longitude":116.4074},"recommendedCount":1,"address":"未知"}
[2026-03-26 10:01:37] [INFO] ::1 - - [26/Mar/2026:02:01:37 +0000] "GET /api/highway/recommend?latitude=39.9042&longitude=116.4074 HTTP/1.1" 304 - "https://servicewechat.com/wx364d0885d2052f93/devtools/page-frame.html" "Mozilla/5.0 (iPhone; CPU iPhone OS 15_0 like Mac OS X) AppleWebKit/605.1.15 (KHTML, like Gecko) Version/15.0 Mobile/15E148 Safari/604.1 wechatdevtools/2.01.2510290 MicroMessenger/8.0.5 Language/zh_CN webview/ hash/766319690 sid/vSkD0pAr1A" 
[2026-03-26 10:02:20] [INFO] 推荐路口成功 {"userPos":{"latitude":39.9042,"longitude":116.4074},"recommendedCount":1,"address":"未知"}
[2026-03-26 10:02:20] [INFO] ::1 - - [26/Mar/2026:02:02:20 +0000] "GET /api/highway/recommend?latitude=39.9042&longitude=116.4074 HTTP/1.1" 304 - "https://servicewechat.com/wx364d0885d2052f93/devtools/page-frame.html" "Mozilla/5.0 (iPhone; CPU iPhone OS 15_0 like Mac OS X) AppleWebKit/605.1.15 (KHTML, like Gecko) Version/15.0 Mobile/15E148 Safari/604.1 wechatdevtools/2.01.2510290 MicroMessenger/8.0.5 Language/zh_CN webview/ hash/766319690 sid/vSkD0pAr1A" 
[2026-03-26 10:02:51] [INFO] 推荐路口成功 {"userPos":{"latitude":23.08464,"longitude":114.38257},"recommendedCount":0,"address":"未知"}
[2026-03-26 10:02:51] [INFO] ::1 - - [26/Mar/2026:02:02:51 +0000] "GET /api/highway/recommend?latitude=23.08464&longitude=114.38257 HTTP/1.1" 200 149 "https://servicewechat.com/wx364d0885d2052f93/devtools/page-frame.html" "Mozilla/5.0 (iPhone; CPU iPhone OS 15_0 like Mac OS X) AppleWebKit/605.1.15 (KHTML, like Gecko) Version/15.0 Mobile/15E148 Safari/604.1 wechatdevtools/2.01.2510290 MicroMessenger/8.0.5 Language/zh_CN webview/ hash/766319690 sid/vSkD0pAr1A" 
[2026-03-26 10:02:51] [INFO] 推荐路口成功 {"userPos":{"latitude":23.08464,"longitude":114.38257},"recommendedCount":0,"address":"未知"}
[2026-03-26 10:02:51] [INFO] ::1 - - [26/Mar/2026:02:02:51 +0000] "GET /api/highway/recommend?latitude=23.08464&longitude=114.38257 HTTP/1.1" 304 - "https://servicewechat.com/wx364d0885d2052f93/devtools/page-frame.html" "Mozilla/5.0 (iPhone; CPU iPhone OS 15_0 like Mac OS X) AppleWebKit/605.1.15 (KHTML, like Gecko) Version/15.0 Mobile/15E148 Safari/604.1 wechatdevtools/2.01.2510290 MicroMessenger/8.0.5 Language/zh_CN webview/ hash/766319690 sid/vSkD0pAr1A" 
[2026-03-26 10:02:53] [INFO] 推荐路口成功 {"userPos":{"latitude":23.08464,"longitude":114.38257},"recommendedCount":0,"address":"未知"}
[2026-03-26 10:02:53] [INFO] ::1 - - [26/Mar/2026:02:02:53 +0000] "GET /api/highway/recommend?latitude=23.08464&longitude=114.38257 HTTP/1.1" 304 - "https://servicewechat.com/wx364d0885d2052f93/devtools/page-frame.html" "Mozilla/5.0 (iPhone; CPU iPhone OS 15_0 like Mac OS X) AppleWebKit/605.1.15 (KHTML, like Gecko) Version/15.0 Mobile/15E148 Safari/604.1 wechatdevtools/2.01.2510290 MicroMessenger/8.0.5 Language/zh_CN webview/ hash/766319690 sid/vSkD0pAr1A" 
[2026-03-26 10:02:53] [INFO] 推荐路口成功 {"userPos":{"latitude":23.08464,"longitude":114.38257},"recommendedCount":0,"address":"未知"}
[2026-03-26 10:02:53] [INFO] ::1 - - [26/Mar/2026:02:02:53 +0000] "GET /api/highway/recommend?latitude=23.08464&longitude=114.38257 HTTP/1.1" 304 - "https://servicewechat.com/wx364d0885d2052f93/devtools/page-frame.html" "Mozilla/5.0 (iPhone; CPU iPhone OS 15_0 like Mac OS X) AppleWebKit/605.1.15 (KHTML, like Gecko) Version/15.0 Mobile/15E148 Safari/604.1 wechatdevtools/2.01.2510290 MicroMessenger/8.0.5 Language/zh_CN webview/ hash/766319690 sid/vSkD0pAr1A" 
[2026-03-26 10:03:10] [INFO] 推荐路口成功 {"userPos":{"latitude":23.08464,"longitude":114.38257},"recommendedCount":0,"address":"未知"}
[2026-03-26 10:03:10] [INFO] ::1 - - [26/Mar/2026:02:03:10 +0000] "GET /api/highway/recommend?latitude=23.08464&longitude=114.38257 HTTP/1.1" 200 149 "https://servicewechat.com/wx364d0885d2052f93/devtools/page-frame.html" "Mozilla/5.0 (iPhone; CPU iPhone OS 15_0 like Mac OS X) AppleWebKit/605.1.15 (KHTML, like Gecko) Version/15.0 Mobile/15E148 Safari/604.1 wechatdevtools/2.01.2510290 MicroMessenger/8.0.5 Language/zh_CN webview/ hash/766319690 sid/vSkD0pAr1A" 
[2026-03-26 10:03:10] [INFO] ::1 - - [26/Mar/2026:02:03:10 +0000] "GET /api/highway/recommend?latitude=23.08464&longitude=114.38257 HTTP/1.1" 304 - "https://servicewechat.com/wx364d0885d2052f93/devtools/page-frame.html" "Mozilla/5.0 (iPhone; CPU iPhone OS 15_0 like Mac OS X) AppleWebKit/605.1.15 (KHTML, like Gecko) Version/15.0 Mobile/15E148 Safari/604.1 wechatdevtools/2.01.2510290 MicroMessenger/8.0.5 Language/zh_CN webview/ hash/766319690 sid/vSkD0pAr1A" 
[2026-03-26 10:03:10] [INFO] 推荐路口成功 {"userPos":{"latitude":23.08464,"longitude":114.38257},"recommendedCount":0,"address":"未知"}
[2026-03-26 12:21:13] [INFO] 推荐路口成功 {"userPos":{"latitude":39.9042,"longitude":116.4074},"recommendedCount":1,"address":"未知"}
[2026-03-26 12:21:13] [INFO] ::1 - - [26/Mar/2026:04:21:13 +0000] "GET /api/highway/recommend?latitude=39.9042&longitude=116.4074 HTTP/1.1" 200 482 "https://servicewechat.com/wx364d0885d2052f93/devtools/page-frame.html" "Mozilla/5.0 (iPhone; CPU iPhone OS 15_0 like Mac OS X) AppleWebKit/605.1.15 (KHTML, like Gecko) Version/15.0 Mobile/15E148 Safari/604.1 wechatdevtools/2.01.2510290 MicroMessenger/8.0.5 Language/zh_CN webview/ hash/766319690 sid/vSkD0pAr1A" 
[2026-03-26 12:21:13] [INFO] 推荐路口成功 {"userPos":{"latitude":23.08464,"longitude":114.38257},"recommendedCount":0,"address":"未知"}
[2026-03-26 12:21:13] [INFO] ::1 - - [26/Mar/2026:04:21:13 +0000] "GET /api/highway/recommend?latitude=23.08464&longitude=114.38257 HTTP/1.1" 200 149 "https://servicewechat.com/wx364d0885d2052f93/devtools/page-frame.html" "Mozilla/5.0 (iPhone; CPU iPhone OS 15_0 like Mac OS X) AppleWebKit/605.1.15 (KHTML, like Gecko) Version/15.0 Mobile/15E148 Safari/604.1 wechatdevtools/2.01.2510290 MicroMessenger/8.0.5 Language/zh_CN webview/ hash/766319690 sid/vSkD0pAr1A" 
[2026-03-26 12:21:13] [INFO] 推荐路口成功 {"userPos":{"latitude":23.08464,"longitude":114.38257},"recommendedCount":0,"address":"未知"}
[2026-03-26 12:21:13] [INFO] ::1 - - [26/Mar/2026:04:21:13 +0000] "GET /api/highway/recommend?latitude=23.08464&longitude=114.38257 HTTP/1.1" 304 - "https://servicewechat.com/wx364d0885d2052f93/devtools/page-frame.html" "Mozilla/5.0 (iPhone; CPU iPhone OS 15_0 like Mac OS X) AppleWebKit/605.1.15 (KHTML, like Gecko) Version/15.0 Mobile/15E148 Safari/604.1 wechatdevtools/2.01.2510290 MicroMessenger/8.0.5 Language/zh_CN webview/ hash/766319690 sid/vSkD0pAr1A" 
[2026-03-26 12:21:22] [INFO] 推荐路口成功 {"userPos":{"latitude":23.08464,"longitude":114.38257},"recommendedCount":0,"address":"未知"}
[2026-03-26 12:21:22] [INFO] ::1 - - [26/Mar/2026:04:21:22 +0000] "GET /api/highway/recommend?latitude=23.08464&longitude=114.38257 HTTP/1.1" 304 - "https://servicewechat.com/wx364d0885d2052f93/devtools/page-frame.html" "Mozilla/5.0 (iPhone; CPU iPhone OS 15_0 like Mac OS X) AppleWebKit/605.1.15 (KHTML, like Gecko) Version/15.0 Mobile/15E148 Safari/604.1 wechatdevtools/2.01.2510290 MicroMessenger/8.0.5 Language/zh_CN webview/ hash/766319690 sid/vSkD0pAr1A" 
[2026-03-26 12:21:29] [INFO] 推荐路口成功 {"userPos":{"latitude":23.08464,"longitude":114.38257},"recommendedCount":0,"address":"未知"}
[2026-03-26 12:21:29] [INFO] ::1 - - [26/Mar/2026:04:21:29 +0000] "GET /api/highway/recommend?latitude=23.08464&longitude=114.38257 HTTP/1.1" 304 - "https://servicewechat.com/wx364d0885d2052f93/devtools/page-frame.html" "Mozilla/5.0 (iPhone; CPU iPhone OS 15_0 like Mac OS X) AppleWebKit/605.1.15 (KHTML, like Gecko) Version/15.0 Mobile/15E148 Safari/604.1 wechatdevtools/2.01.2510290 MicroMessenger/8.0.5 Language/zh_CN webview/ hash/766319690 sid/vSkD0pAr1A" 
[2026-03-26 12:41:17] [INFO] 推荐路口成功 {"userPos":{"latitude":23.08464,"longitude":114.38257},"recommendedCount":0,"address":"未知"}
[2026-03-26 12:41:17] [INFO] ::1 - - [26/Mar/2026:04:41:17 +0000] "GET /api/highway/recommend?latitude=23.08464&longitude=114.38257 HTTP/1.1" 304 - "https://servicewechat.com/wx364d0885d2052f93/devtools/page-frame.html" "Mozilla/5.0 (iPhone; CPU iPhone OS 15_0 like Mac OS X) AppleWebKit/605.1.15 (KHTML, like Gecko) Version/15.0 Mobile/15E148 Safari/604.1 wechatdevtools/2.01.2510290 MicroMessenger/8.0.5 Language/zh_CN webview/ hash/766319690 sid/vSkD0pAr1A" 
[2026-03-26 12:41:19] [INFO] 推荐路口成功 {"userPos":{"latitude":23.08464,"longitude":114.38257},"recommendedCount":0,"address":"未知"}
[2026-03-26 12:41:19] [INFO] ::1 - - [26/Mar/2026:04:41:19 +0000] "GET /api/highway/recommend?latitude=23.08464&longitude=114.38257 HTTP/1.1" 304 - "https://servicewechat.com/wx364d0885d2052f93/devtools/page-frame.html" "Mozilla/5.0 (iPhone; CPU iPhone OS 15_0 like Mac OS X) AppleWebKit/605.1.15 (KHTML, like Gecko) Version/15.0 Mobile/15E148 Safari/604.1 wechatdevtools/2.01.2510290 MicroMessenger/8.0.5 Language/zh_CN webview/ hash/766319690 sid/vSkD0pAr1A" 
[2026-03-26 12:41:34] [INFO] 推荐路口成功 {"userPos":{"latitude":23.08464,"longitude":114.38257},"recommendedCount":0,"address":"未知"}
[2026-03-26 12:41:34] [INFO] ::1 - - [26/Mar/2026:04:41:34 +0000] "GET /api/highway/recommend?latitude=23.08464&longitude=114.38257 HTTP/1.1" 304 - "https://servicewechat.com/wx364d0885d2052f93/devtools/page-frame.html" "Mozilla/5.0 (iPhone; CPU iPhone OS 15_0 like Mac OS X) AppleWebKit/605.1.15 (KHTML, like Gecko) Version/15.0 Mobile/15E148 Safari/604.1 wechatdevtools/2.01.2510290 MicroMessenger/8.0.5 Language/zh_CN webview/ hash/766319690 sid/vSkD0pAr1A" 
[2026-03-26 12:41:34] [INFO] 推荐路口成功 {"userPos":{"latitude":23.08464,"longitude":114.38257},"recommendedCount":0,"address":"未知"}
[2026-03-26 12:41:34] [INFO] ::1 - - [26/Mar/2026:04:41:34 +0000] "GET /api/highway/recommend?latitude=23.08464&longitude=114.38257 HTTP/1.1" 304 - "https://servicewechat.com/wx364d0885d2052f93/devtools/page-frame.html" "Mozilla/5.0 (iPhone; CPU iPhone OS 15_0 like Mac OS X) AppleWebKit/605.1.15 (KHTML, like Gecko) Version/15.0 Mobile/15E148 Safari/604.1 wechatdevtools/2.01.2510290 MicroMessenger/8.0.5 Language/zh_CN webview/ hash/766319690 sid/vSkD0pAr1A" 
[2026-03-26 12:41:47] [INFO] 推荐路口成功 {"userPos":{"latitude":23.08464,"longitude":114.38257},"recommendedCount":0,"address":"未知"}
[2026-03-26 12:41:47] [INFO] ::1 - - [26/Mar/2026:04:41:47 +0000] "GET /api/highway/recommend?latitude=23.08464&longitude=114.38257 HTTP/1.1" 304 - "https://servicewechat.com/wx364d0885d2052f93/devtools/page-frame.html" "Mozilla/5.0 (iPhone; CPU iPhone OS 15_0 like Mac OS X) AppleWebKit/605.1.15 (KHTML, like Gecko) Version/15.0 Mobile/15E148 Safari/604.1 wechatdevtools/2.01.2510290 MicroMessenger/8.0.5 Language/zh_CN webview/ hash/766319690 sid/vSkD0pAr1A" 
[2026-03-26 12:41:48] [INFO] 推荐路口成功 {"userPos":{"latitude":23.08464,"longitude":114.38257},"recommendedCount":0,"address":"未知"}
[2026-03-26 12:41:48] [INFO] ::1 - - [26/Mar/2026:04:41:48 +0000] "GET /api/highway/recommend?latitude=23.08464&longitude=114.38257 HTTP/1.1" 304 - "https://servicewechat.com/wx364d0885d2052f93/devtools/page-frame.html" "Mozilla/5.0 (iPhone; CPU iPhone OS 15_0 like Mac OS X) AppleWebKit/605.1.15 (KHTML, like Gecko) Version/15.0 Mobile/15E148 Safari/604.1 wechatdevtools/2.01.2510290 MicroMessenger/8.0.5 Language/zh_CN webview/ hash/766319690 sid/vSkD0pAr1A" 
[2026-03-26 13:10:53] [INFO] ::1 - - [26/Mar/2026:05:10:53 +0000] "GET /api/highway/recommend?latitude=23.08464&longitude=114.38257 HTTP/1.1" 200 149 "https://servicewechat.com/wx364d0885d2052f93/devtools/page-frame.html" "Mozilla/5.0 (iPhone; CPU iPhone OS 15_0 like Mac OS X) AppleWebKit/605.1.15 (KHTML, like Gecko) Version/15.0 Mobile/15E148 Safari/604.1 wechatdevtools/2.01.2510290 MicroMessenger/8.0.5 Language/zh_CN webview/ hash/766319690 sid/vSkD0pAr1A" 
[2026-03-26 13:10:53] [INFO] 推荐路口成功 {"userPos":{"latitude":23.08464,"longitude":114.38257},"recommendedCount":0,"address":"未知"}
[2026-03-26 13:10:53] [INFO] 推荐路口成功 {"userPos":{"latitude":23.08464,"longitude":114.38257},"recommendedCount":0,"address":"未知"}
[2026-03-26 13:10:53] [INFO] ::1 - - [26/Mar/2026:05:10:53 +0000] "GET /api/highway/recommend?latitude=23.08464&longitude=114.38257 HTTP/1.1" 304 - "https://servicewechat.com/wx364d0885d2052f93/devtools/page-frame.html" "Mozilla/5.0 (iPhone; CPU iPhone OS 15_0 like Mac OS X) AppleWebKit/605.1.15 (KHTML, like Gecko) Version/15.0 Mobile/15E148 Safari/604.1 wechatdevtools/2.01.2510290 MicroMessenger/8.0.5 Language/zh_CN webview/ hash/766319690 sid/vSkD0pAr1A" 
[2026-03-26 13:17:57] [INFO] ::1 - - [26/Mar/2026:05:17:57 +0000] "GET /api/highway/address?latitude=23.08464&longitude=114.38257 HTTP/1.1" 404 45 "https://servicewechat.com/wx364d0885d2052f93/devtools/page-frame.html" "Mozilla/5.0 (iPhone; CPU iPhone OS 15_0 like Mac OS X) AppleWebKit/605.1.15 (KHTML, like Gecko) Version/15.0 Mobile/15E148 Safari/604.1 wechatdevtools/2.01.2510290 MicroMessenger/8.0.5 Language/zh_CN webview/ hash/766319690 sid/vSkD0pAr1A" 
[2026-03-26 13:17:58] [INFO] 推荐路口成功 {"userPos":{"latitude":23.08464,"longitude":114.38257},"recommendedCount":0,"address":"未知"}
[2026-03-26 13:17:58] [INFO] ::1 - - [26/Mar/2026:05:17:58 +0000] "GET /api/highway/recommend?latitude=23.08464&longitude=114.38257 HTTP/1.1" 304 - "https://servicewechat.com/wx364d0885d2052f93/devtools/page-frame.html" "Mozilla/5.0 (iPhone; CPU iPhone OS 15_0 like Mac OS X) AppleWebKit/605.1.15 (KHTML, like Gecko) Version/15.0 Mobile/15E148 Safari/604.1 wechatdevtools/2.01.2510290 MicroMessenger/8.0.5 Language/zh_CN webview/ hash/766319690 sid/vSkD0pAr1A" 
[2026-03-26 13:19:09] [INFO] ::1 - - [26/Mar/2026:05:19:09 +0000] "GET /api/highway/address?latitude=23.08464&longitude=114.38257 HTTP/1.1" 404 45 "https://servicewechat.com/wx364d0885d2052f93/devtools/page-frame.html" "Mozilla/5.0 (iPhone; CPU iPhone OS 15_0 like Mac OS X) AppleWebKit/605.1.15 (KHTML, like Gecko) Version/15.0 Mobile/15E148 Safari/604.1 wechatdevtools/2.01.2510290 MicroMessenger/8.0.5 Language/zh_CN webview/ hash/766319690 sid/vSkD0pAr1A" 
[2026-03-26 13:19:09] [INFO] 推荐路口成功 {"userPos":{"latitude":23.08464,"longitude":114.38257},"recommendedCount":0,"address":"未知"}
[2026-03-26 13:19:09] [INFO] ::1 - - [26/Mar/2026:05:19:09 +0000] "GET /api/highway/recommend?latitude=23.08464&longitude=114.38257 HTTP/1.1" 200 149 "https://servicewechat.com/wx364d0885d2052f93/devtools/page-frame.html" "Mozilla/5.0 (iPhone; CPU iPhone OS 15_0 like Mac OS X) AppleWebKit/605.1.15 (KHTML, like Gecko) Version/15.0 Mobile/15E148 Safari/604.1 wechatdevtools/2.01.2510290 MicroMessenger/8.0.5 Language/zh_CN webview/ hash/766319690 sid/vSkD0pAr1A" 
[2026-03-26 13:19:12] [INFO] ::1 - - [26/Mar/2026:05:19:12 +0000] "GET /api/highway/address?latitude=23.08464&longitude=114.38257 HTTP/1.1" 404 45 "https://servicewechat.com/wx364d0885d2052f93/devtools/page-frame.html" "Mozilla/5.0 (iPhone; CPU iPhone OS 15_0 like Mac OS X) AppleWebKit/605.1.15 (KHTML, like Gecko) Version/15.0 Mobile/15E148 Safari/604.1 wechatdevtools/2.01.2510290 MicroMessenger/8.0.5 Language/zh_CN webview/ hash/766319690 sid/vSkD0pAr1A" 
[2026-03-26 13:19:12] [INFO] 推荐路口成功 {"userPos":{"latitude":23.08464,"longitude":114.38257},"recommendedCount":0,"address":"未知"}
[2026-03-26 13:19:12] [INFO] ::1 - - [26/Mar/2026:05:19:12 +0000] "GET /api/highway/recommend?latitude=23.08464&longitude=114.38257 HTTP/1.1" 304 - "https://servicewechat.com/wx364d0885d2052f93/devtools/page-frame.html" "Mozilla/5.0 (iPhone; CPU iPhone OS 15_0 like Mac OS X) AppleWebKit/605.1.15 (KHTML, like Gecko) Version/15.0 Mobile/15E148 Safari/604.1 wechatdevtools/2.01.2510290 MicroMessenger/8.0.5 Language/zh_CN webview/ hash/766319690 sid/vSkD0pAr1A" 
[2026-03-26 13:19:13] [INFO] ::1 - - [26/Mar/2026:05:19:13 +0000] "GET /api/highway/address?latitude=23.08464&longitude=114.38257 HTTP/1.1" 404 45 "https://servicewechat.com/wx364d0885d2052f93/devtools/page-frame.html" "Mozilla/5.0 (iPhone; CPU iPhone OS 15_0 like Mac OS X) AppleWebKit/605.1.15 (KHTML, like Gecko) Version/15.0 Mobile/15E148 Safari/604.1 wechatdevtools/2.01.2510290 MicroMessenger/8.0.5 Language/zh_CN webview/ hash/766319690 sid/vSkD0pAr1A" 
[2026-03-26 13:19:13] [INFO] 推荐路口成功 {"userPos":{"latitude":23.08464,"longitude":114.38257},"recommendedCount":0,"address":"未知"}
[2026-03-26 13:19:13] [INFO] ::1 - - [26/Mar/2026:05:19:13 +0000] "GET /api/highway/recommend?latitude=23.08464&longitude=114.38257 HTTP/1.1" 304 - "https://servicewechat.com/wx364d0885d2052f93/devtools/page-frame.html" "Mozilla/5.0 (iPhone; CPU iPhone OS 15_0 like Mac OS X) AppleWebKit/605.1.15 (KHTML, like Gecko) Version/15.0 Mobile/15E148 Safari/604.1 wechatdevtools/2.01.2510290 MicroMessenger/8.0.5 Language/zh_CN webview/ hash/766319690 sid/vSkD0pAr1A" 
[2026-03-26 13:19:14] [INFO] ::1 - - [26/Mar/2026:05:19:14 +0000] "GET /api/highway/address?latitude=23.08464&longitude=114.38257 HTTP/1.1" 404 45 "https://servicewechat.com/wx364d0885d2052f93/devtools/page-frame.html" "Mozilla/5.0 (iPhone; CPU iPhone OS 15_0 like Mac OS X) AppleWebKit/605.1.15 (KHTML, like Gecko) Version/15.0 Mobile/15E148 Safari/604.1 wechatdevtools/2.01.2510290 MicroMessenger/8.0.5 Language/zh_CN webview/ hash/766319690 sid/vSkD0pAr1A" 
[2026-03-26 13:19:14] [INFO] 推荐路口成功 {"userPos":{"latitude":23.08464,"longitude":114.38257},"recommendedCount":0,"address":"未知"}
[2026-03-26 13:19:14] [INFO] ::1 - - [26/Mar/2026:05:19:14 +0000] "GET /api/highway/recommend?latitude=23.08464&longitude=114.38257 HTTP/1.1" 304 - "https://servicewechat.com/wx364d0885d2052f93/devtools/page-frame.html" "Mozilla/5.0 (iPhone; CPU iPhone OS 15_0 like Mac OS X) AppleWebKit/605.1.15 (KHTML, like Gecko) Version/15.0 Mobile/15E148 Safari/604.1 wechatdevtools/2.01.2510290 MicroMessenger/8.0.5 Language/zh_CN webview/ hash/766319690 sid/vSkD0pAr1A" 
[2026-03-26 13:20:53] [INFO] 推荐路口成功 {"userPos":{"latitude":23.08464,"longitude":114.38257},"recommendedCount":0,"address":"未知"}
[2026-03-26 13:20:53] [INFO] ::1 - - [26/Mar/2026:05:20:53 +0000] "GET /api/highway/recommend?latitude=23.08464&longitude=114.38257 HTTP/1.1" 304 - "https://servicewechat.com/wx364d0885d2052f93/devtools/page-frame.html" "Mozilla/5.0 (iPhone; CPU iPhone OS 15_0 like Mac OS X) AppleWebKit/605.1.15 (KHTML, like Gecko) Version/15.0 Mobile/15E148 Safari/604.1 wechatdevtools/2.01.2510290 MicroMessenger/8.0.5 Language/zh_CN webview/ hash/766319690 sid/vSkD0pAr1A" 
[2026-03-26 14:03:51] [INFO] 推荐路口成功 {"userPos":{"latitude":23.08464,"longitude":114.38257},"recommendedCount":0,"address":"未知"}
[2026-03-26 14:03:51] [INFO] ::1 - - [26/Mar/2026:06:03:51 +0000] "GET /api/highway/recommend?latitude=23.08464&longitude=114.38257 HTTP/1.1" 304 - "https://servicewechat.com/wx364d0885d2052f93/devtools/page-frame.html" "Mozilla/5.0 (iPhone; CPU iPhone OS 15_0 like Mac OS X) AppleWebKit/605.1.15 (KHTML, like Gecko) Version/15.0 Mobile/15E148 Safari/604.1 wechatdevtools/2.01.2510290 MicroMessenger/8.0.5 Language/zh_CN webview/ hash/766319690 sid/vSkD0pAr1A" 
[2026-03-26 14:03:53] [INFO] 推荐路口成功 {"userPos":{"latitude":23.08464,"longitude":114.38257},"recommendedCount":0,"address":"未知"}
[2026-03-26 14:03:53] [INFO] ::1 - - [26/Mar/2026:06:03:53 +0000] "GET /api/highway/recommend?latitude=23.08464&longitude=114.38257 HTTP/1.1" 304 - "https://servicewechat.com/wx364d0885d2052f93/devtools/page-frame.html" "Mozilla/5.0 (iPhone; CPU iPhone OS 15_0 like Mac OS X) AppleWebKit/605.1.15 (KHTML, like Gecko) Version/15.0 Mobile/15E148 Safari/604.1 wechatdevtools/2.01.2510290 MicroMessenger/8.0.5 Language/zh_CN webview/ hash/766319690 sid/vSkD0pAr1A" 
[2026-03-26 14:03:54] [INFO] 推荐路口成功 {"userPos":{"latitude":23.08464,"longitude":114.38257},"recommendedCount":0,"address":"未知"}
[2026-03-26 14:03:54] [INFO] ::1 - - [26/Mar/2026:06:03:54 +0000] "GET /api/highway/recommend?latitude=23.08464&longitude=114.38257 HTTP/1.1" 304 - "https://servicewechat.com/wx364d0885d2052f93/devtools/page-frame.html" "Mozilla/5.0 (iPhone; CPU iPhone OS 15_0 like Mac OS X) AppleWebKit/605.1.15 (KHTML, like Gecko) Version/15.0 Mobile/15E148 Safari/604.1 wechatdevtools/2.01.2510290 MicroMessenger/8.0.5 Language/zh_CN webview/ hash/766319690 sid/vSkD0pAr1A" 
[2026-03-26 16:19:46] [INFO] 推荐路口成功 {"userPos":{"latitude":23.08464,"longitude":114.38257},"recommendedCount":0,"address":"未知"}
[2026-03-26 16:19:46] [INFO] ::1 - - [26/Mar/2026:08:19:46 +0000] "GET /api/highway/recommend?latitude=23.08464&longitude=114.38257 HTTP/1.1" 304 - "https://servicewechat.com/wx364d0885d2052f93/devtools/page-frame.html" "Mozilla/5.0 (iPhone; CPU iPhone OS 15_0 like Mac OS X) AppleWebKit/605.1.15 (KHTML, like Gecko) Version/15.0 Mobile/15E148 Safari/604.1 wechatdevtools/2.01.2510290 MicroMessenger/8.0.5 Language/zh_CN webview/ hash/766319690 sid/vSkD0pAr1A" 
[2026-03-26 16:20:00] [INFO] 推荐路口成功 {"userPos":{"latitude":23.08464,"longitude":114.38257},"recommendedCount":0,"address":"未知"}
[2026-03-26 16:20:00] [INFO] ::1 - - [26/Mar/2026:08:20:00 +0000] "GET /api/highway/recommend?latitude=23.08464&longitude=114.38257 HTTP/1.1" 304 - "https://servicewechat.com/wx364d0885d2052f93/devtools/page-frame.html" "Mozilla/5.0 (iPhone; CPU iPhone OS 15_0 like Mac OS X) AppleWebKit/605.1.15 (KHTML, like Gecko) Version/15.0 Mobile/15E148 Safari/604.1 wechatdevtools/2.01.2510290 MicroMessenger/8.0.5 Language/zh_CN webview/ hash/766319690 sid/vSkD0pAr1A" 
[2026-03-26 16:20:08] [INFO] ::1 - - [26/Mar/2026:08:20:08 +0000] "GET /api/highway/recommend?latitude=23.08464&longitude=114.38257 HTTP/1.1" 304 - "https://servicewechat.com/wx364d0885d2052f93/devtools/page-frame.html" "Mozilla/5.0 (iPhone; CPU iPhone OS 15_0 like Mac OS X) AppleWebKit/605.1.15 (KHTML, like Gecko) Version/15.0 Mobile/15E148 Safari/604.1 wechatdevtools/2.01.2510290 MicroMessenger/8.0.5 Language/zh_CN webview/ hash/766319690 sid/vSkD0pAr1A" 
[2026-03-26 16:20:08] [INFO] 推荐路口成功 {"userPos":{"latitude":23.08464,"longitude":114.38257},"recommendedCount":0,"address":"未知"}
[2026-03-26 16:20:15] [INFO] ::1 - - [26/Mar/2026:08:20:15 +0000] "GET /api/highway/address?latitude=23.08464&longitude=114.38257 HTTP/1.1" 404 45 "https://servicewechat.com/wx364d0885d2052f93/devtools/page-frame.html" "Mozilla/5.0 (iPhone; CPU iPhone OS 15_0 like Mac OS X) AppleWebKit/605.1.15 (KHTML, like Gecko) Version/15.0 Mobile/15E148 Safari/604.1 wechatdevtools/2.01.2510290 MicroMessenger/8.0.5 Language/zh_CN webview/ hash/766319690 sid/vSkD0pAr1A" 
[2026-03-26 16:20:15] [INFO] 推荐路口成功 {"userPos":{"latitude":23.08464,"longitude":114.38257},"recommendedCount":0,"address":"未知"}
[2026-03-26 16:20:15] [INFO] ::1 - - [26/Mar/2026:08:20:15 +0000] "GET /api/highway/recommend?latitude=23.08464&longitude=114.38257 HTTP/1.1" 304 - "https://servicewechat.com/wx364d0885d2052f93/devtools/page-frame.html" "Mozilla/5.0 (iPhone; CPU iPhone OS 15_0 like Mac OS X) AppleWebKit/605.1.15 (KHTML, like Gecko) Version/15.0 Mobile/15E148 Safari/604.1 wechatdevtools/2.01.2510290 MicroMessenger/8.0.5 Language/zh_CN webview/ hash/766319690 sid/vSkD0pAr1A" 
[2026-03-26 16:20:21] [INFO] ::1 - - [26/Mar/2026:08:20:21 +0000] "GET /api/highway/address?latitude=23.08464&longitude=114.38257 HTTP/1.1" 404 45 "https://servicewechat.com/wx364d0885d2052f93/devtools/page-frame.html" "Mozilla/5.0 (iPhone; CPU iPhone OS 15_0 like Mac OS X) AppleWebKit/605.1.15 (KHTML, like Gecko) Version/15.0 Mobile/15E148 Safari/604.1 wechatdevtools/2.01.2510290 MicroMessenger/8.0.5 Language/zh_CN webview/ hash/766319690 sid/vSkD0pAr1A" 
[2026-03-26 16:20:21] [INFO] 推荐路口成功 {"userPos":{"latitude":23.08464,"longitude":114.38257},"recommendedCount":0,"address":"未知"}
[2026-03-26 16:20:21] [INFO] ::1 - - [26/Mar/2026:08:20:21 +0000] "GET /api/highway/recommend?latitude=23.08464&longitude=114.38257 HTTP/1.1" 304 - "https://servicewechat.com/wx364d0885d2052f93/devtools/page-frame.html" "Mozilla/5.0 (iPhone; CPU iPhone OS 15_0 like Mac OS X) AppleWebKit/605.1.15 (KHTML, like Gecko) Version/15.0 Mobile/15E148 Safari/604.1 wechatdevtools/2.01.2510290 MicroMessenger/8.0.5 Language/zh_CN webview/ hash/766319690 sid/vSkD0pAr1A" 
[2026-03-26 16:20:52] [INFO] ::1 - - [26/Mar/2026:08:20:52 +0000] "GET /api/highway/address?latitude=23.08464&longitude=114.38257 HTTP/1.1" 404 45 "https://servicewechat.com/wx364d0885d2052f93/devtools/page-frame.html" "Mozilla/5.0 (iPhone; CPU iPhone OS 15_0 like Mac OS X) AppleWebKit/605.1.15 (KHTML, like Gecko) Version/15.0 Mobile/15E148 Safari/604.1 wechatdevtools/2.01.2510290 MicroMessenger/8.0.5 Language/zh_CN webview/ hash/766319690 sid/vSkD0pAr1A" 
[2026-03-26 16:20:52] [INFO] 推荐路口成功 {"userPos":{"latitude":23.08464,"longitude":114.38257},"recommendedCount":0,"address":"未知"}
[2026-03-26 16:20:52] [INFO] ::1 - - [26/Mar/2026:08:20:52 +0000] "GET /api/highway/recommend?latitude=23.08464&longitude=114.38257 HTTP/1.1" 304 - "https://servicewechat.com/wx364d0885d2052f93/devtools/page-frame.html" "Mozilla/5.0 (iPhone; CPU iPhone OS 15_0 like Mac OS X) AppleWebKit/605.1.15 (KHTML, like Gecko) Version/15.0 Mobile/15E148 Safari/604.1 wechatdevtools/2.01.2510290 MicroMessenger/8.0.5 Language/zh_CN webview/ hash/766319690 sid/vSkD0pAr1A" 
[2026-03-26 16:21:37] [INFO] 推荐路口成功 {"userPos":{"latitude":23.08464,"longitude":114.38257},"recommendedCount":0,"address":"未知"}
[2026-03-26 16:21:37] [INFO] ::1 - - [26/Mar/2026:08:21:37 +0000] "GET /api/highway/recommend?latitude=23.08464&longitude=114.38257 HTTP/1.1" 304 - "https://servicewechat.com/wx364d0885d2052f93/devtools/page-frame.html" "Mozilla/5.0 (iPhone; CPU iPhone OS 15_0 like Mac OS X) AppleWebKit/605.1.15 (KHTML, like Gecko) Version/15.0 Mobile/15E148 Safari/604.1 wechatdevtools/2.01.2510290 MicroMessenger/8.0.5 Language/zh_CN webview/ hash/766319690 sid/vSkD0pAr1A" 
[2026-03-26 16:21:47] [INFO] 推荐路口成功 {"userPos":{"latitude":23.08464,"longitude":114.38257},"recommendedCount":0,"address":"未知"}
[2026-03-26 16:21:47] [INFO] ::1 - - [26/Mar/2026:08:21:47 +0000] "GET /api/highway/recommend?latitude=23.08464&longitude=114.38257 HTTP/1.1" 304 - "https://servicewechat.com/wx364d0885d2052f93/devtools/page-frame.html" "Mozilla/5.0 (iPhone; CPU iPhone OS 15_0 like Mac OS X) AppleWebKit/605.1.15 (KHTML, like Gecko) Version/15.0 Mobile/15E148 Safari/604.1 wechatdevtools/2.01.2510290 MicroMessenger/8.0.5 Language/zh_CN webview/ hash/766319690 sid/vSkD0pAr1A" 
[2026-03-26 16:22:04] [INFO] 推荐路口成功 {"userPos":{"latitude":23.08464,"longitude":114.38257},"recommendedCount":0,"address":"未知"}
[2026-03-26 16:22:04] [INFO] ::1 - - [26/Mar/2026:08:22:04 +0000] "GET /api/highway/recommend?latitude=23.08464&longitude=114.38257 HTTP/1.1" 304 - "https://servicewechat.com/wx364d0885d2052f93/devtools/page-frame.html" "Mozilla/5.0 (iPhone; CPU iPhone OS 15_0 like Mac OS X) AppleWebKit/605.1.15 (KHTML, like Gecko) Version/15.0 Mobile/15E148 Safari/604.1 wechatdevtools/2.01.2510290 MicroMessenger/8.0.5 Language/zh_CN webview/ hash/766319690 sid/vSkD0pAr1A" 
[2026-03-26 16:22:13] [INFO] 推荐路口成功 {"userPos":{"latitude":23.08464,"longitude":114.38257},"recommendedCount":0,"address":"未知"}
[2026-03-26 16:22:13] [INFO] ::1 - - [26/Mar/2026:08:22:13 +0000] "GET /api/highway/recommend?latitude=23.08464&longitude=114.38257 HTTP/1.1" 304 - "https://servicewechat.com/wx364d0885d2052f93/devtools/page-frame.html" "Mozilla/5.0 (iPhone; CPU iPhone OS 15_0 like Mac OS X) AppleWebKit/605.1.15 (KHTML, like Gecko) Version/15.0 Mobile/15E148 Safari/604.1 wechatdevtools/2.01.2510290 MicroMessenger/8.0.5 Language/zh_CN webview/ hash/766319690 sid/vSkD0pAr1A" 
[2026-03-26 16:22:17] [INFO] 推荐路口成功 {"userPos":{"latitude":23.08464,"longitude":114.38257},"recommendedCount":0,"address":"未知"}
[2026-03-26 16:22:17] [INFO] ::1 - - [26/Mar/2026:08:22:17 +0000] "GET /api/highway/recommend?latitude=23.08464&longitude=114.38257 HTTP/1.1" 304 - "https://servicewechat.com/wx364d0885d2052f93/devtools/page-frame.html" "Mozilla/5.0 (iPhone; CPU iPhone OS 15_0 like Mac OS X) AppleWebKit/605.1.15 (KHTML, like Gecko) Version/15.0 Mobile/15E148 Safari/604.1 wechatdevtools/2.01.2510290 MicroMessenger/8.0.5 Language/zh_CN webview/ hash/766319690 sid/vSkD0pAr1A" 
[2026-03-26 16:22:19] [INFO] 推荐路口成功 {"userPos":{"latitude":23.08464,"longitude":114.38257},"recommendedCount":0,"address":"未知"}
[2026-03-26 16:22:19] [INFO] ::1 - - [26/Mar/2026:08:22:19 +0000] "GET /api/highway/recommend?latitude=23.08464&longitude=114.38257 HTTP/1.1" 304 - "https://servicewechat.com/wx364d0885d2052f93/devtools/page-frame.html" "Mozilla/5.0 (iPhone; CPU iPhone OS 15_0 like Mac OS X) AppleWebKit/605.1.15 (KHTML, like Gecko) Version/15.0 Mobile/15E148 Safari/604.1 wechatdevtools/2.01.2510290 MicroMessenger/8.0.5 Language/zh_CN webview/ hash/766319690 sid/vSkD0pAr1A" 
[2026-03-26 16:22:20] [INFO] 推荐路口成功 {"userPos":{"latitude":23.08464,"longitude":114.38257},"recommendedCount":0,"address":"未知"}
[2026-03-26 16:22:20] [INFO] ::1 - - [26/Mar/2026:08:22:20 +0000] "GET /api/highway/recommend?latitude=23.08464&longitude=114.38257 HTTP/1.1" 304 - "https://servicewechat.com/wx364d0885d2052f93/devtools/page-frame.html" "Mozilla/5.0 (iPhone; CPU iPhone OS 15_0 like Mac OS X) AppleWebKit/605.1.15 (KHTML, like Gecko) Version/15.0 Mobile/15E148 Safari/604.1 wechatdevtools/2.01.2510290 MicroMessenger/8.0.5 Language/zh_CN webview/ hash/766319690 sid/vSkD0pAr1A" 
[2026-03-26 16:22:26] [INFO] 推荐路口成功 {"userPos":{"latitude":23.08464,"longitude":114.38257},"recommendedCount":0,"address":"未知"}
[2026-03-26 16:22:26] [INFO] ::1 - - [26/Mar/2026:08:22:26 +0000] "GET /api/highway/recommend?latitude=23.08464&longitude=114.38257 HTTP/1.1" 304 - "https://servicewechat.com/wx364d0885d2052f93/devtools/page-frame.html" "Mozilla/5.0 (iPhone; CPU iPhone OS 15_0 like Mac OS X) AppleWebKit/605.1.15 (KHTML, like Gecko) Version/15.0 Mobile/15E148 Safari/604.1 wechatdevtools/2.01.2510290 MicroMessenger/8.0.5 Language/zh_CN webview/ hash/766319690 sid/vSkD0pAr1A" 
[2026-03-26 16:22:36] [INFO] 推荐路口成功 {"userPos":{"latitude":23.08464,"longitude":114.38257},"recommendedCount":0,"address":"未知"}
[2026-03-26 16:22:36] [INFO] ::1 - - [26/Mar/2026:08:22:36 +0000] "GET /api/highway/recommend?latitude=23.08464&longitude=114.38257 HTTP/1.1" 304 - "https://servicewechat.com/wx364d0885d2052f93/devtools/page-frame.html" "Mozilla/5.0 (iPhone; CPU iPhone OS 15_0 like Mac OS X) AppleWebKit/605.1.15 (KHTML, like Gecko) Version/15.0 Mobile/15E148 Safari/604.1 wechatdevtools/2.01.2510290 MicroMessenger/8.0.5 Language/zh_CN webview/ hash/766319690 sid/vSkD0pAr1A" 
[2026-03-26 16:22:37] [INFO] ::1 - - [26/Mar/2026:08:22:37 +0000] "GET /api/highway/recommend?latitude=23.08464&longitude=114.38257 HTTP/1.1" 304 - "https://servicewechat.com/wx364d0885d2052f93/devtools/page-frame.html" "Mozilla/5.0 (iPhone; CPU iPhone OS 15_0 like Mac OS X) AppleWebKit/605.1.15 (KHTML, like Gecko) Version/15.0 Mobile/15E148 Safari/604.1 wechatdevtools/2.01.2510290 MicroMessenger/8.0.5 Language/zh_CN webview/ hash/766319690 sid/vSkD0pAr1A" 
[2026-03-26 16:22:37] [INFO] 推荐路口成功 {"userPos":{"latitude":23.08464,"longitude":114.38257},"recommendedCount":0,"address":"未知"}
[2026-03-26 16:22:38] [INFO] 推荐路口成功 {"userPos":{"latitude":23.08464,"longitude":114.38257},"recommendedCount":0,"address":"未知"}
[2026-03-26 16:22:38] [INFO] ::1 - - [26/Mar/2026:08:22:38 +0000] "GET /api/highway/recommend?latitude=23.08464&longitude=114.38257 HTTP/1.1" 304 - "https://servicewechat.com/wx364d0885d2052f93/devtools/page-frame.html" "Mozilla/5.0 (iPhone; CPU iPhone OS 15_0 like Mac OS X) AppleWebKit/605.1.15 (KHTML, like Gecko) Version/15.0 Mobile/15E148 Safari/604.1 wechatdevtools/2.01.2510290 MicroMessenger/8.0.5 Language/zh_CN webview/ hash/766319690 sid/vSkD0pAr1A" 
[2026-03-26 16:22:43] [INFO] 推荐路口成功 {"userPos":{"latitude":23.08464,"longitude":114.38257},"recommendedCount":0,"address":"未知"}
[2026-03-26 16:22:43] [INFO] ::1 - - [26/Mar/2026:08:22:43 +0000] "GET /api/highway/recommend?latitude=23.08464&longitude=114.38257 HTTP/1.1" 304 - "https://servicewechat.com/wx364d0885d2052f93/devtools/page-frame.html" "Mozilla/5.0 (iPhone; CPU iPhone OS 15_0 like Mac OS X) AppleWebKit/605.1.15 (KHTML, like Gecko) Version/15.0 Mobile/15E148 Safari/604.1 wechatdevtools/2.01.2510290 MicroMessenger/8.0.5 Language/zh_CN webview/ hash/766319690 sid/vSkD0pAr1A" 
[2026-03-26 16:22:53] [INFO] ::1 - - [26/Mar/2026:08:22:53 +0000] "GET /api/highway/recommend?latitude=23.08464&longitude=114.38257 HTTP/1.1" 304 - "https://servicewechat.com/wx364d0885d2052f93/devtools/page-frame.html" "Mozilla/5.0 (iPhone; CPU iPhone OS 15_0 like Mac OS X) AppleWebKit/605.1.15 (KHTML, like Gecko) Version/15.0 Mobile/15E148 Safari/604.1 wechatdevtools/2.01.2510290 MicroMessenger/8.0.5 Language/zh_CN webview/ hash/766319690 sid/vSkD0pAr1A" 
[2026-03-26 16:22:53] [INFO] 推荐路口成功 {"userPos":{"latitude":23.08464,"longitude":114.38257},"recommendedCount":0,"address":"未知"}
[2026-03-26 16:23:13] [INFO] 推荐路口成功 {"userPos":{"latitude":23.08464,"longitude":114.38257},"recommendedCount":0,"address":"未知"}
[2026-03-26 16:23:13] [INFO] ::1 - - [26/Mar/2026:08:23:13 +0000] "GET /api/highway/recommend?latitude=23.08464&longitude=114.38257 HTTP/1.1" 304 - "https://servicewechat.com/wx364d0885d2052f93/devtools/page-frame.html" "Mozilla/5.0 (iPhone; CPU iPhone OS 15_0 like Mac OS X) AppleWebKit/605.1.15 (KHTML, like Gecko) Version/15.0 Mobile/15E148 Safari/604.1 wechatdevtools/2.01.2510290 MicroMessenger/8.0.5 Language/zh_CN webview/ hash/766319690 sid/vSkD0pAr1A" 
[2026-03-26 16:51:08] [INFO] 正在初始化路口数据... 
[2026-03-26 16:51:08] [INFO] 路口数据加载成功，共14个路口 
[2026-03-26 16:51:08] [INFO] =========================================== 
[2026-03-26 16:51:08] [INFO] 🚀 服务器启动成功！ 
[2026-03-26 16:51:08] [INFO] 📡 API 文档：http://localhost:3000/api 
[2026-03-26 16:51:08] [INFO] 📍 端口：3000 
[2026-03-26 16:51:08] [INFO] 🌐 本地访问：http://localhost:3000 
[2026-03-26 16:51:08] [INFO] 💚 健康检查：http://localhost:3000/health 
[2026-03-26 16:51:08] [INFO] 当前环境：development 
[2026-03-26 16:51:08] [INFO] =========================================== 
[2026-03-26 16:51:08] [INFO] 日志级别：info 
[2026-03-26 16:51:08] [INFO] =========================================== 
[2026-03-26 17:11:27] [INFO] 推荐路口成功 {"userPos":{"latitude":23.08464,"longitude":114.38257},"recommendedCount":1,"address":"未知"}
[2026-03-26 17:11:27] [INFO] ::1 - - [26/Mar/2026:09:11:27 +0000] "GET /api/highway/recommend?latitude=23.08464&longitude=114.38257 HTTP/1.1" 200 579 "https://servicewechat.com/wx364d0885d2052f93/devtools/page-frame.html" "Mozilla/5.0 (Phone; OpenHarmony 5.0) AppleWebKit/537.36 (KHTML, like Gecko) Chrome/114.0.0.0 Safari/537.36 ArkWeb/4.1.6.1 Mobile HuaweiBrowser/5.0.4.303 wechatdevtools/2.01.2510290 MicroMessenger/8.0.5 Language/zh_CN webview/ hash/766319690 sid/vSkD0pAr1A" 
[2026-03-26 17:11:32] [INFO] 获取路口 POI 成功 {"exitId":"9","nodeName":"惠州服务区","counts":{"total":0,"hotel":0,"restaurant":0,"attraction":0}}
[2026-03-26 17:11:32] [INFO] ::1 - - [26/Mar/2026:09:11:32 +0000] "GET /api/poi/exit/9 HTTP/1.1" 200 245 "https://servicewechat.com/wx364d0885d2052f93/devtools/page-frame.html" "Mozilla/5.0 (Phone; OpenHarmony 5.0) AppleWebKit/537.36 (KHTML, like Gecko) Chrome/114.0.0.0 Safari/537.36 ArkWeb/4.1.6.1 Mobile HuaweiBrowser/5.0.4.303 wechatdevtools/2.01.2510290 MicroMessenger/8.0.5 Language/zh_CN webview/ hash/766319690 sid/vSkD0pAr1A" 
[2026-03-26 17:11:42] [INFO] 推荐路口成功 {"userPos":{"latitude":23.08464,"longitude":114.38257},"recommendedCount":1,"address":"未知"}
[2026-03-26 17:11:42] [INFO] ::1 - - [26/Mar/2026:09:11:42 +0000] "GET /api/highway/recommend?latitude=23.08464&longitude=114.38257 HTTP/1.1" 304 - "https://servicewechat.com/wx364d0885d2052f93/devtools/page-frame.html" "Mozilla/5.0 (Phone; OpenHarmony 5.0) AppleWebKit/537.36 (KHTML, like Gecko) Chrome/114.0.0.0 Safari/537.36 ArkWeb/4.1.6.1 Mobile HuaweiBrowser/5.0.4.303 wechatdevtools/2.01.2510290 MicroMessenger/8.0.5 Language/zh_CN webview/ hash/766319690 sid/vSkD0pAr1A" 
[2026-03-26 17:11:45] [INFO] 获取路口 POI 成功 {"exitId":"9","nodeName":"惠州服务区","counts":{"total":0,"hotel":0,"restaurant":0,"attraction":0}}
[2026-03-26 17:11:45] [INFO] ::1 - - [26/Mar/2026:09:11:45 +0000] "GET /api/poi/exit/9 HTTP/1.1" 304 - "https://servicewechat.com/wx364d0885d2052f93/devtools/page-frame.html" "Mozilla/5.0 (Phone; OpenHarmony 5.0) AppleWebKit/537.36 (KHTML, like Gecko) Chrome/114.0.0.0 Safari/537.36 ArkWeb/4.1.6.1 Mobile HuaweiBrowser/5.0.4.303 wechatdevtools/2.01.2510290 MicroMessenger/8.0.5 Language/zh_CN webview/ hash/766319690 sid/vSkD0pAr1A" 
[2026-03-26 17:11:51] [INFO] 推荐路口成功 {"userPos":{"latitude":23.08464,"longitude":114.38257},"recommendedCount":1,"address":"未知"}
[2026-03-26 17:11:51] [INFO] ::1 - - [26/Mar/2026:09:11:51 +0000] "GET /api/highway/recommend?latitude=23.08464&longitude=114.38257 HTTP/1.1" 304 - "https://servicewechat.com/wx364d0885d2052f93/devtools/page-frame.html" "Mozilla/5.0 (Phone; OpenHarmony 5.0) AppleWebKit/537.36 (KHTML, like Gecko) Chrome/114.0.0.0 Safari/537.36 ArkWeb/4.1.6.1 Mobile HuaweiBrowser/5.0.4.303 wechatdevtools/2.01.2510290 MicroMessenger/8.0.5 Language/zh_CN webview/ hash/766319690 sid/vSkD0pAr1A" 
[2026-03-26 17:22:15] [INFO] 获取所有路口成功 {"count":14}
[2026-03-26 17:22:15] [INFO] ::1 - - [26/Mar/2026:09:22:15 +0000] "GET /api/highway/all HTTP/1.1" 200 3779 "-" "curl/8.18.0" 
[2026-03-26 17:23:10] [INFO] ::1 - - [26/Mar/2026:09:23:10 +0000] "GET /api/highway/recommend?latitude=23.0847&longitude=114.3826 HTTP/1.1" 200 544 "-" "curl/8.18.0" 
[2026-03-26 17:23:10] [INFO] 推荐路口成功 {"userPos":{"latitude":23.0847,"longitude":114.3826},"recommendedCount":1,"address":"未知"}
[2026-03-26 17:32:14] [INFO] 获取所有路口成功 {"count":14}
[2026-03-26 17:32:14] [INFO] ::1 - - [26/Mar/2026:09:32:14 +0000] "GET /api/highway/all HTTP/1.1" 200 3779 "-" "Mozilla/5.0 (Windows NT 10.0; Win64; x64) AppleWebKit/537.36 (KHTML, like Gecko) Chrome/146.0.0.0 Safari/537.36 Edg/146.0.0.0" 
[2026-03-26 17:32:47] [INFO] 获取路口 POI 成功 {"exitId":"9","nodeName":"惠州服务区","counts":{"total":0,"hotel":0,"restaurant":0,"attraction":0}}
[2026-03-26 17:32:47] [INFO] ::1 - - [26/Mar/2026:09:32:47 +0000] "GET /api/poi/exit/9 HTTP/1.1" 304 - "https://servicewechat.com/wx364d0885d2052f93/devtools/page-frame.html" "Mozilla/5.0 (Phone; OpenHarmony 5.0) AppleWebKit/537.36 (KHTML, like Gecko) Chrome/114.0.0.0 Safari/537.36 ArkWeb/4.1.6.1 Mobile HuaweiBrowser/5.0.4.303 wechatdevtools/2.01.2510290 MicroMessenger/8.0.5 Language/zh_CN webview/ hash/766319690 sid/vSkD0pAr1A" 
[2026-03-26 17:32:47] [INFO] 推荐路口成功 {"userPos":{"latitude":23.08464,"longitude":114.38257},"recommendedCount":1,"address":"未知"}
[2026-03-26 17:32:47] [INFO] ::1 - - [26/Mar/2026:09:32:47 +0000] "GET /api/highway/recommend?latitude=23.08464&longitude=114.38257 HTTP/1.1" 304 - "https://servicewechat.com/wx364d0885d2052f93/devtools/page-frame.html" "Mozilla/5.0 (Phone; OpenHarmony 5.0) AppleWebKit/537.36 (KHTML, like Gecko) Chrome/114.0.0.0 Safari/537.36 ArkWeb/4.1.6.1 Mobile HuaweiBrowser/5.0.4.303 wechatdevtools/2.01.2510290 MicroMessenger/8.0.5 Language/zh_CN webview/ hash/766319690 sid/vSkD0pAr1A" 
[2026-03-26 17:32:51] [INFO] 推荐路口成功 {"userPos":{"latitude":23.08464,"longitude":114.38257},"recommendedCount":1,"address":"未知"}
[2026-03-26 17:32:51] [INFO] ::1 - - [26/Mar/2026:09:32:51 +0000] "GET /api/highway/recommend?latitude=23.08464&longitude=114.38257 HTTP/1.1" 304 - "https://servicewechat.com/wx364d0885d2052f93/devtools/page-frame.html" "Mozilla/5.0 (Phone; OpenHarmony 5.0) AppleWebKit/537.36 (KHTML, like Gecko) Chrome/114.0.0.0 Safari/537.36 ArkWeb/4.1.6.1 Mobile HuaweiBrowser/5.0.4.303 wechatdevtools/2.01.2510290 MicroMessenger/8.0.5 Language/zh_CN webview/ hash/766319690 sid/vSkD0pAr1A" 
[2026-03-26 17:32:52] [INFO] 获取路口 POI 成功 {"exitId":"9","nodeName":"惠州服务区","counts":{"total":0,"hotel":0,"restaurant":0,"attraction":0}}
[2026-03-26 17:32:52] [INFO] ::1 - - [26/Mar/2026:09:32:52 +0000] "GET /api/poi/exit/9 HTTP/1.1" 304 - "https://servicewechat.com/wx364d0885d2052f93/devtools/page-frame.html" "Mozilla/5.0 (Phone; OpenHarmony 5.0) AppleWebKit/537.36 (KHTML, like Gecko) Chrome/114.0.0.0 Safari/537.36 ArkWeb/4.1.6.1 Mobile HuaweiBrowser/5.0.4.303 wechatdevtools/2.01.2510290 MicroMessenger/8.0.5 Language/zh_CN webview/ hash/766319690 sid/vSkD0pAr1A" 
[2026-03-26 17:32:56] [INFO] 推荐路口成功 {"userPos":{"latitude":23.08464,"longitude":114.38257},"recommendedCount":1,"address":"未知"}
[2026-03-26 17:32:56] [INFO] ::1 - - [26/Mar/2026:09:32:56 +0000] "GET /api/highway/recommend?latitude=23.08464&longitude=114.38257 HTTP/1.1" 304 - "https://servicewechat.com/wx364d0885d2052f93/devtools/page-frame.html" "Mozilla/5.0 (Phone; OpenHarmony 5.0) AppleWebKit/537.36 (KHTML, like Gecko) Chrome/114.0.0.0 Safari/537.36 ArkWeb/4.1.6.1 Mobile HuaweiBrowser/5.0.4.303 wechatdevtools/2.01.2510290 MicroMessenger/8.0.5 Language/zh_CN webview/ hash/766319690 sid/vSkD0pAr1A" 
